c:\users\stacy\documents\visual studio 2015\projects\keyvault\keyvault\debug\vc140.pdb
c:\users\stacy\documents\visual studio 2015\projects\keyvault\keyvault\debug\vc140.idb
c:\users\stacy\documents\visual studio 2015\projects\keyvault\keyvault\debug\azkvault.obj
c:\users\stacy\documents\visual studio 2015\projects\keyvault\keyvault\debug\vcpkg.applocal.log
c:\users\stacy\documents\visual studio 2015\projects\keyvault\debug\cpprest_2_10d.dll
c:\users\stacy\documents\visual studio 2015\projects\keyvault\debug\boost_system-vc140-mt-gd-x32-1_67.dll
c:\users\stacy\documents\visual studio 2015\projects\keyvault\debug\boost_date_time-vc140-mt-gd-x32-1_67.dll
c:\users\stacy\documents\visual studio 2015\projects\keyvault\debug\ssleay32.dll
c:\users\stacy\documents\visual studio 2015\projects\keyvault\debug\libeay32.dll
c:\users\stacy\documents\visual studio 2015\projects\keyvault\debug\zlibd1.dll
c:\users\stacy\documents\visual studio 2015\projects\keyvault\debug\keyvault.ilk
c:\users\stacy\documents\visual studio 2015\projects\keyvault\debug\keyvault.exe
c:\users\stacy\documents\visual studio 2015\projects\keyvault\debug\keyvault.pdb
c:\users\stacy\documents\visual studio 2015\projects\keyvault\keyvault\debug\keyvault.tlog\cl.command.1.tlog
c:\users\stacy\documents\visual studio 2015\projects\keyvault\keyvault\debug\keyvault.tlog\cl.read.1.tlog
c:\users\stacy\documents\visual studio 2015\projects\keyvault\keyvault\debug\keyvault.tlog\cl.write.1.tlog
c:\users\stacy\documents\visual studio 2015\projects\keyvault\keyvault\debug\keyvault.tlog\keyvault.write.1u.tlog
c:\users\stacy\documents\visual studio 2015\projects\keyvault\keyvault\debug\keyvault.tlog\link.command.1.tlog
c:\users\stacy\documents\visual studio 2015\projects\keyvault\keyvault\debug\keyvault.tlog\link.read.1.tlog
c:\users\stacy\documents\visual studio 2015\projects\keyvault\keyvault\debug\keyvault.tlog\link.write.1.tlog
